2025-09-25T23:28:29.600252Z [-] Reading configuration from ['/home/cowrie/cowrie/etc/cowrie.cfg.dist']
2025-09-25T23:28:30.731922Z [-] Python Version 3.11.2 (main, Nov 30 2024, 21:22:50) [GCC 12.2.0]
2025-09-25T23:28:30.732134Z [-] Twisted Version 25.5.0
2025-09-25T23:28:30.732220Z [-] Cowrie Version 2.6.1
2025-09-25T23:28:30.738849Z [-] Loaded output engine: jsonlog
2025-09-25T23:28:30.758940Z [twisted.scripts._twistd_unix.UnixAppLogger#info] twistd 25.5.0 (/home/cowrie/cowrie/cowrie-env/bin/python3 3.11.2) starting up.
2025-09-25T23:28:30.759694Z [twisted.scripts._twistd_unix.UnixAppLogger#info] reactor class: twisted.internet.epollreactor.EPollReactor.
2025-09-25T23:28:30.785991Z [-] CowrieSSHFactory starting on 2222
2025-09-25T23:28:30.788747Z [cowrie.ssh.factory.CowrieSSHFactory#info] Starting factory <cowrie.ssh.factory.CowrieSSHFactory object at 0x7f7d0d2650>
2025-09-25T23:28:31.398909Z [-] Ready to accept SSH connections
2025-09-25T23:28:43.284671Z [cowrie.ssh.factory.CowrieSSHFactory] Unhandled Error
	Traceback (most recent call last):
	  File "/home/cowrie/cowrie/cowrie-env/lib/python3.11/site-packages/twisted/internet/tcp.py", line 1425, in doRead
	    protocol = self.factory.buildProtocol(self._buildAddr(addr))
	  File "/home/cowrie/cowrie/src/cowrie/ssh/factory.py", line 189, in buildProtocol
	    protocol.userAuthServer = BlacklistSSHUserAuthServer
	builtins.NameError: name 'protocol' is not defined
	
2025-09-25T23:28:51.757674Z [cowrie.ssh.factory.CowrieSSHFactory] Unhandled Error
	Traceback (most recent call last):
	  File "/home/cowrie/cowrie/cowrie-env/lib/python3.11/site-packages/twisted/internet/tcp.py", line 1425, in doRead
	    protocol = self.factory.buildProtocol(self._buildAddr(addr))
	  File "/home/cowrie/cowrie/src/cowrie/ssh/factory.py", line 189, in buildProtocol
	    protocol.userAuthServer = BlacklistSSHUserAuthServer
	builtins.NameError: name 'protocol' is not defined
	
